<?xml version="1.0" encoding="UTF-8"?>
<testsuites name="jest tests" tests="170" failures="8" errors="0" time="2.086">
  <testsuite name="PPTXパーサー" errors="0" failures="0" skipped="0" timestamp="2025-03-16T10:29:54" time="0.297" tests="5">
    <testcase classname="PPTXパーサー parsePPTX PPTXファイルを正しくパースする" name="PPTXパーサー parsePPTX PPTXファイルを正しくパースする" time="0.004">
    </testcase>
    <testcase classname="PPTXパーサー parsePPTX Pythonスクリプトが見つからない場合はエラーを投げる" name="PPTXパーサー parsePPTX Pythonスクリプトが見つからない場合はエラーを投げる" time="0.004">
    </testcase>
    <testcase classname="PPTXパーサー parsePPTX Pythonスクリプトの実行エラーを適切に処理する" name="PPTXパーサー parsePPTX Pythonスクリプトの実行エラーを適切に処理する" time="0.003">
    </testcase>
    <testcase classname="PPTXパーサー extractTexts パース結果からテキストを抽出する" name="PPTXパーサー extractTexts パース結果からテキストを抽出する" time="0">
    </testcase>
    <testcase classname="PPTXパーサー getTextWithPositions パース結果からテキストと位置情報を取得する" name="PPTXパーサー getTextWithPositions パース結果からテキストと位置情報を取得する" time="0">
    </testcase>
  </testsuite>
  <testsuite name="File Utilities" errors="0" failures="0" skipped="0" timestamp="2025-03-16T10:29:54" time="0.438" tests="27">
    <testcase classname="File Utilities FilePathManager getTempPathが正しいパスを返す" name="File Utilities FilePathManager getTempPathが正しいパスを返す" time="0.003">
    </testcase>
    <testcase classname="File Utilities FilePathManager getPublicPathが正しいパスを返す" name="File Utilities FilePathManager getPublicPathが正しいパスを返す" time="0">
    </testcase>
    <testcase classname="File Utilities FilePathManager getProcessingPathが正しいパスを返す" name="File Utilities FilePathManager getProcessingPathが正しいパスを返す" time="0.001">
    </testcase>
    <testcase classname="File Utilities FilePathManager getSlidesPathが正しいパスを返す" name="File Utilities FilePathManager getSlidesPathが正しいパスを返す" time="0">
    </testcase>
    <testcase classname="File Utilities FilePathManager getAbsolutePathが相対パスを絶対パスに変換する" name="File Utilities FilePathManager getAbsolutePathが相対パスを絶対パスに変換する" time="0">
    </testcase>
    <testcase classname="File Utilities FilePathManager getAbsolutePathが絶対パスをそのまま返す" name="File Utilities FilePathManager getAbsolutePathが絶対パスをそのまま返す" time="0">
    </testcase>
    <testcase classname="File Utilities FilePathManager ensurePathがディレクトリを作成する" name="File Utilities FilePathManager ensurePathがディレクトリを作成する" time="0">
    </testcase>
    <testcase classname="File Utilities FilePathManager findActualFilePathが正しいファイルを見つける" name="File Utilities FilePathManager findActualFilePathが正しいファイルを見つける" time="0">
    </testcase>
    <testcase classname="File Utilities Utility Functions generateFileIdがユニークなIDを生成する" name="File Utilities Utility Functions generateFileIdがユニークなIDを生成する" time="0">
    </testcase>
    <testcase classname="File Utilities Utility Functions createUserDirectoriesがディレクトリを作成する" name="File Utilities Utility Functions createUserDirectoriesがディレクトリを作成する" time="0">
    </testcase>
    <testcase classname="File Utilities Utility Functions cleanupOldFilesが古いファイルを削除する" name="File Utilities Utility Functions cleanupOldFilesが古いファイルを削除する" time="0">
    </testcase>
    <testcase classname="File Utilities Utility Functions withRetryが成功するまで再試行する" name="File Utilities Utility Functions withRetryが成功するまで再試行する" time="0.003">
    </testcase>
    <testcase classname="File Utilities Utility Functions withRetryが最大試行回数を超えるとエラーをスローする" name="File Utilities Utility Functions withRetryが最大試行回数を超えるとエラーをスローする" time="0.008">
    </testcase>
    <testcase classname="File Utilities FileState Enum FileStateが正しい値を持つ" name="File Utilities FileState Enum FileStateが正しい値を持つ" time="0">
    </testcase>
    <testcase classname="FilePathManager Implementation Tests getTempPathが正しいパスを返す（実装）" name="FilePathManager Implementation Tests getTempPathが正しいパスを返す（実装）" time="0">
    </testcase>
    <testcase classname="FilePathManager Implementation Tests getPublicPathが正しいパスを返す（実装）" name="FilePathManager Implementation Tests getPublicPathが正しいパスを返す（実装）" time="0">
    </testcase>
    <testcase classname="FilePathManager Implementation Tests getProcessingPathが正しいパスを返す（実装）" name="FilePathManager Implementation Tests getProcessingPathが正しいパスを返す（実装）" time="0">
    </testcase>
    <testcase classname="FilePathManager Implementation Tests getSlidesPathが正しいパスを返す（実装）" name="FilePathManager Implementation Tests getSlidesPathが正しいパスを返す（実装）" time="0">
    </testcase>
    <testcase classname="FilePathManager Implementation Tests getAbsolutePathが相対パスを絶対パスに変換する（実装）" name="FilePathManager Implementation Tests getAbsolutePathが相対パスを絶対パスに変換する（実装）" time="0">
    </testcase>
    <testcase classname="FilePathManager Implementation Tests getAbsolutePathが絶対パスをそのまま返す（実装）" name="FilePathManager Implementation Tests getAbsolutePathが絶対パスをそのまま返す（実装）" time="0">
    </testcase>
    <testcase classname="logFileOperation Tests 成功した操作を記録する" name="logFileOperation Tests 成功した操作を記録する" time="0.001">
    </testcase>
    <testcase classname="logFileOperation Tests 失敗した操作とエラーを記録する" name="logFileOperation Tests 失敗した操作とエラーを記録する" time="0">
    </testcase>
    <testcase classname="logFileOperation Tests ログ記録中にエラーが発生した場合はコンソールにエラーを出力する" name="logFileOperation Tests ログ記録中にエラーが発生した場合はコンソールにエラーを出力する" time="0">
    </testcase>
    <testcase classname="Utility Functions Tests waitが指定された時間待機する" name="Utility Functions Tests waitが指定された時間待機する" time="0.102">
    </testcase>
    <testcase classname="Utility Functions Tests withRetryが成功するまで再試行する" name="Utility Functions Tests withRetryが成功するまで再試行する" time="0.032">
    </testcase>
    <testcase classname="Utility Functions Tests withRetryが最大試行回数を超えるとエラーをスローする" name="Utility Functions Tests withRetryが最大試行回数を超えるとエラーをスローする" time="0.012">
    </testcase>
    <testcase classname="Utility Functions Tests generateFileIdがユニークなIDを生成する" name="Utility Functions Tests generateFileIdがユニークなIDを生成する" time="0">
    </testcase>
  </testsuite>
  <testsuite name="Button" errors="0" failures="0" skipped="0" timestamp="2025-03-16T10:29:54" time="0.44" tests="7">
    <testcase classname="Button ボタンをレンダリングする" name="Button ボタンをレンダリングする" time="0.028">
    </testcase>
    <testcase classname="Button クリックイベントを処理する" name="Button クリックイベントを処理する" time="0.005">
    </testcase>
    <testcase classname="Button 異なるバリアントをレンダリングする" name="Button 異なるバリアントをレンダリングする" time="0.004">
    </testcase>
    <testcase classname="Button 異なるサイズをレンダリングする" name="Button 異なるサイズをレンダリングする" time="0.003">
    </testcase>
    <testcase classname="Button 無効状態をレンダリングする" name="Button 無効状態をレンダリングする" time="0.001">
    </testcase>
    <testcase classname="Button カスタムクラス名を適用する" name="Button カスタムクラス名を適用する" time="0.002">
    </testcase>
    <testcase classname="Button asChildプロパティを使用して別の要素としてレンダリングする" name="Button asChildプロパティを使用して別の要素としてレンダリングする" time="0.002">
    </testcase>
  </testsuite>
  <testsuite name="DropdownMenu" errors="0" failures="0" skipped="0" timestamp="2025-03-16T10:29:54" time="0.46" tests="3">
    <testcase classname="DropdownMenu トリガーとコンテンツが正しくレンダリングされる" name="DropdownMenu トリガーとコンテンツが正しくレンダリングされる" time="0.019">
    </testcase>
    <testcase classname="DropdownMenu メニューアイテムにクリックハンドラーを設定できる" name="DropdownMenu メニューアイテムにクリックハンドラーを設定できる" time="0.003">
    </testcase>
    <testcase classname="DropdownMenu ラベルとセパレーターが正しくレンダリングされる" name="DropdownMenu ラベルとセパレーターが正しくレンダリングされる" time="0.002">
    </testcase>
  </testsuite>
  <testsuite name="Switch Component" errors="0" failures="0" skipped="0" timestamp="2025-03-16T10:29:54" time="0.158" tests="6">
    <testcase classname="Switch Component 基本的なSwitchをレンダリングする" name="Switch Component 基本的なSwitchをレンダリングする" time="0.021">
    </testcase>
    <testcase classname="Switch Component チェック済みのSwitchをレンダリングする" name="Switch Component チェック済みのSwitchをレンダリングする" time="0.002">
    </testcase>
    <testcase classname="Switch Component 無効化されたSwitchをレンダリングする" name="Switch Component 無効化されたSwitchをレンダリングする" time="0.003">
    </testcase>
    <testcase classname="Switch Component カスタムクラス名を適用する" name="Switch Component カスタムクラス名を適用する" time="0.001">
    </testcase>
    <testcase classname="Switch Component クリックイベントを処理する" name="Switch Component クリックイベントを処理する" time="0.004">
    </testcase>
    <testcase classname="Switch Component 追加の属性を設定する" name="Switch Component 追加の属性を設定する" time="0.001">
    </testcase>
  </testsuite>
  <testsuite name="ファイルユーティリティ" errors="0" failures="5" skipped="0" timestamp="2025-03-16T10:29:54" time="0.5" tests="11">
    <testcase classname="ファイルユーティリティ FilePathManager getTempPath オリジナルファイルの一時パスを正しく生成する" name="ファイルユーティリティ FilePathManager getTempPath オリジナルファイルの一時パスを正しく生成する" time="0.004">
    </testcase>
    <testcase classname="ファイルユーティリティ FilePathManager getTempPath 翻訳済みファイルの一時パスを正しく生成する" name="ファイルユーティリティ FilePathManager getTempPath 翻訳済みファイルの一時パスを正しく生成する" time="0">
    </testcase>
    <testcase classname="ファイルユーティリティ FilePathManager getTempPath タイプが指定されていない場合はデフォルトでオリジナルを使用する" name="ファイルユーティリティ FilePathManager getTempPath タイプが指定されていない場合はデフォルトでオリジナルを使用する" time="0.001">
    </testcase>
    <testcase classname="ファイルユーティリティ FilePathManager findActualFilePath ファイルが存在する場合はパスを返す" name="ファイルユーティリティ FilePathManager findActualFilePath ファイルが存在する場合はパスを返す" time="0">
      <failure>TypeError: _promises.readdir.mockResolvedValueOnce is not a function
    at Object.mockResolvedValueOnce (/Users/yusuketsunoda/Documents/cursor/ppttranslatorapp/tests/lib/utils/file-utils.test.ts:58:32)
    at Promise.then.completed (/Users/yusuketsunoda/Documents/cursor/ppttranslatorapp/node_modules/jest-circus/build/utils.js:298:28)
    at new Promise (&lt;anonymous&gt;)
    at callAsyncCircusFn (/Users/yusuketsunoda/Documents/cursor/ppttranslatorapp/node_modules/jest-circus/build/utils.js:231:10)
    at _callCircusTest (/Users/yusuketsunoda/Documents/cursor/ppttranslatorapp/node_modules/jest-circus/build/run.js:316:40)
    at processTicksAndRejections (node:internal/process/task_queues:105:5)
    at _runTest (/Users/yusuketsunoda/Documents/cursor/ppttranslatorapp/node_modules/jest-circus/build/run.js:252:3)
    at _runTestsForDescribeBlock (/Users/yusuketsunoda/Documents/cursor/ppttranslatorapp/node_modules/jest-circus/build/run.js:126:9)
    at _runTestsForDescribeBlock (/Users/yusuketsunoda/Documents/cursor/ppttranslatorapp/node_modules/jest-circus/build/run.js:121:9)
    at _runTestsForDescribeBlock (/Users/yusuketsunoda/Documents/cursor/ppttranslatorapp/node_modules/jest-circus/build/run.js:121:9)
    at _runTestsForDescribeBlock (/Users/yusuketsunoda/Documents/cursor/ppttranslatorapp/node_modules/jest-circus/build/run.js:121:9)
    at run (/Users/yusuketsunoda/Documents/cursor/ppttranslatorapp/node_modules/jest-circus/build/run.js:71:3)
    at runAndTransformResultsToJestFormat (/Users/yusuketsunoda/Documents/cursor/ppttranslatorapp/node_modules/jest-circus/build/legacy-code-todo-rewrite/jestAdapterInit.js:122:21)
    at jestAdapter (/Users/yusuketsunoda/Documents/cursor/ppttranslatorapp/node_modules/jest-circus/build/legacy-code-todo-rewrite/jestAdapter.js:79:19)
    at runTestInternal (/Users/yusuketsunoda/Documents/cursor/ppttranslatorapp/node_modules/jest-runner/build/runTest.js:367:16)
    at runTest (/Users/yusuketsunoda/Documents/cursor/ppttranslatorapp/node_modules/jest-runner/build/runTest.js:444:34)
    at Object.worker (/Users/yusuketsunoda/Documents/cursor/ppttranslatorapp/node_modules/jest-runner/build/testWorker.js:106:12)</failure>
    </testcase>
    <testcase classname="ファイルユーティリティ FilePathManager findActualFilePath ファイルが存在しない場合はnullを返す" name="ファイルユーティリティ FilePathManager findActualFilePath ファイルが存在しない場合はnullを返す" time="0.001">
      <failure>TypeError: _promises.readdir.mockResolvedValueOnce is not a function
    at Object.mockResolvedValueOnce (/Users/yusuketsunoda/Documents/cursor/ppttranslatorapp/tests/lib/utils/file-utils.test.ts:67:32)
    at Promise.then.completed (/Users/yusuketsunoda/Documents/cursor/ppttranslatorapp/node_modules/jest-circus/build/utils.js:298:28)
    at new Promise (&lt;anonymous&gt;)
    at callAsyncCircusFn (/Users/yusuketsunoda/Documents/cursor/ppttranslatorapp/node_modules/jest-circus/build/utils.js:231:10)
    at _callCircusTest (/Users/yusuketsunoda/Documents/cursor/ppttranslatorapp/node_modules/jest-circus/build/run.js:316:40)
    at processTicksAndRejections (node:internal/process/task_queues:105:5)
    at _runTest (/Users/yusuketsunoda/Documents/cursor/ppttranslatorapp/node_modules/jest-circus/build/run.js:252:3)
    at _runTestsForDescribeBlock (/Users/yusuketsunoda/Documents/cursor/ppttranslatorapp/node_modules/jest-circus/build/run.js:126:9)
    at _runTestsForDescribeBlock (/Users/yusuketsunoda/Documents/cursor/ppttranslatorapp/node_modules/jest-circus/build/run.js:121:9)
    at _runTestsForDescribeBlock (/Users/yusuketsunoda/Documents/cursor/ppttranslatorapp/node_modules/jest-circus/build/run.js:121:9)
    at _runTestsForDescribeBlock (/Users/yusuketsunoda/Documents/cursor/ppttranslatorapp/node_modules/jest-circus/build/run.js:121:9)
    at run (/Users/yusuketsunoda/Documents/cursor/ppttranslatorapp/node_modules/jest-circus/build/run.js:71:3)
    at runAndTransformResultsToJestFormat (/Users/yusuketsunoda/Documents/cursor/ppttranslatorapp/node_modules/jest-circus/build/legacy-code-todo-rewrite/jestAdapterInit.js:122:21)
    at jestAdapter (/Users/yusuketsunoda/Documents/cursor/ppttranslatorapp/node_modules/jest-circus/build/legacy-code-todo-rewrite/jestAdapter.js:79:19)
    at runTestInternal (/Users/yusuketsunoda/Documents/cursor/ppttranslatorapp/node_modules/jest-runner/build/runTest.js:367:16)
    at runTest (/Users/yusuketsunoda/Documents/cursor/ppttranslatorapp/node_modules/jest-runner/build/runTest.js:444:34)
    at Object.worker (/Users/yusuketsunoda/Documents/cursor/ppttranslatorapp/node_modules/jest-runner/build/testWorker.js:106:12)</failure>
    </testcase>
    <testcase classname="ファイルユーティリティ FilePathManager findActualFilePath ディレクトリの読み取りに失敗した場合はnullを返す" name="ファイルユーティリティ FilePathManager findActualFilePath ディレクトリの読み取りに失敗した場合はnullを返す" time="0">
      <failure>TypeError: _promises.readdir.mockRejectedValueOnce is not a function
    at Object.mockRejectedValueOnce (/Users/yusuketsunoda/Documents/cursor/ppttranslatorapp/tests/lib/utils/file-utils.test.ts:75:32)
    at Promise.then.completed (/Users/yusuketsunoda/Documents/cursor/ppttranslatorapp/node_modules/jest-circus/build/utils.js:298:28)
    at new Promise (&lt;anonymous&gt;)
    at callAsyncCircusFn (/Users/yusuketsunoda/Documents/cursor/ppttranslatorapp/node_modules/jest-circus/build/utils.js:231:10)
    at _callCircusTest (/Users/yusuketsunoda/Documents/cursor/ppttranslatorapp/node_modules/jest-circus/build/run.js:316:40)
    at processTicksAndRejections (node:internal/process/task_queues:105:5)
    at _runTest (/Users/yusuketsunoda/Documents/cursor/ppttranslatorapp/node_modules/jest-circus/build/run.js:252:3)
    at _runTestsForDescribeBlock (/Users/yusuketsunoda/Documents/cursor/ppttranslatorapp/node_modules/jest-circus/build/run.js:126:9)
    at _runTestsForDescribeBlock (/Users/yusuketsunoda/Documents/cursor/ppttranslatorapp/node_modules/jest-circus/build/run.js:121:9)
    at _runTestsForDescribeBlock (/Users/yusuketsunoda/Documents/cursor/ppttranslatorapp/node_modules/jest-circus/build/run.js:121:9)
    at _runTestsForDescribeBlock (/Users/yusuketsunoda/Documents/cursor/ppttranslatorapp/node_modules/jest-circus/build/run.js:121:9)
    at run (/Users/yusuketsunoda/Documents/cursor/ppttranslatorapp/node_modules/jest-circus/build/run.js:71:3)
    at runAndTransformResultsToJestFormat (/Users/yusuketsunoda/Documents/cursor/ppttranslatorapp/node_modules/jest-circus/build/legacy-code-todo-rewrite/jestAdapterInit.js:122:21)
    at jestAdapter (/Users/yusuketsunoda/Documents/cursor/ppttranslatorapp/node_modules/jest-circus/build/legacy-code-todo-rewrite/jestAdapter.js:79:19)
    at runTestInternal (/Users/yusuketsunoda/Documents/cursor/ppttranslatorapp/node_modules/jest-runner/build/runTest.js:367:16)
    at runTest (/Users/yusuketsunoda/Documents/cursor/ppttranslatorapp/node_modules/jest-runner/build/runTest.js:444:34)
    at Object.worker (/Users/yusuketsunoda/Documents/cursor/ppttranslatorapp/node_modules/jest-runner/build/testWorker.js:106:12)</failure>
    </testcase>
    <testcase classname="ファイルユーティリティ generateFileId 一意のファイルIDを生成する" name="ファイルユーティリティ generateFileId 一意のファイルIDを生成する" time="0.001">
      <failure>Error: expect(received).toMatch(expected)

Expected pattern: /^file_[a-zA-Z0-9]{16}$/
Received string:  &quot;1742120994707_tbjqfjd0krd&quot;
    at Object.toMatch (/Users/yusuketsunoda/Documents/cursor/ppttranslatorapp/tests/lib/utils/file-utils.test.ts:89:19)
    at Promise.then.completed (/Users/yusuketsunoda/Documents/cursor/ppttranslatorapp/node_modules/jest-circus/build/utils.js:298:28)
    at new Promise (&lt;anonymous&gt;)
    at callAsyncCircusFn (/Users/yusuketsunoda/Documents/cursor/ppttranslatorapp/node_modules/jest-circus/build/utils.js:231:10)
    at _callCircusTest (/Users/yusuketsunoda/Documents/cursor/ppttranslatorapp/node_modules/jest-circus/build/run.js:316:40)
    at processTicksAndRejections (node:internal/process/task_queues:105:5)
    at _runTest (/Users/yusuketsunoda/Documents/cursor/ppttranslatorapp/node_modules/jest-circus/build/run.js:252:3)
    at _runTestsForDescribeBlock (/Users/yusuketsunoda/Documents/cursor/ppttranslatorapp/node_modules/jest-circus/build/run.js:126:9)
    at _runTestsForDescribeBlock (/Users/yusuketsunoda/Documents/cursor/ppttranslatorapp/node_modules/jest-circus/build/run.js:121:9)
    at _runTestsForDescribeBlock (/Users/yusuketsunoda/Documents/cursor/ppttranslatorapp/node_modules/jest-circus/build/run.js:121:9)
    at run (/Users/yusuketsunoda/Documents/cursor/ppttranslatorapp/node_modules/jest-circus/build/run.js:71:3)
    at runAndTransformResultsToJestFormat (/Users/yusuketsunoda/Documents/cursor/ppttranslatorapp/node_modules/jest-circus/build/legacy-code-todo-rewrite/jestAdapterInit.js:122:21)
    at jestAdapter (/Users/yusuketsunoda/Documents/cursor/ppttranslatorapp/node_modules/jest-circus/build/legacy-code-todo-rewrite/jestAdapter.js:79:19)
    at runTestInternal (/Users/yusuketsunoda/Documents/cursor/ppttranslatorapp/node_modules/jest-runner/build/runTest.js:367:16)
    at runTest (/Users/yusuketsunoda/Documents/cursor/ppttranslatorapp/node_modules/jest-runner/build/runTest.js:444:34)
    at Object.worker (/Users/yusuketsunoda/Documents/cursor/ppttranslatorapp/node_modules/jest-runner/build/testWorker.js:106:12)</failure>
    </testcase>
    <testcase classname="ファイルユーティリティ wait 指定された時間だけ待機する" name="ファイルユーティリティ wait 指定された時間だけ待機する" time="0.001">
    </testcase>
    <testcase classname="ファイルユーティリティ withRetry 初回で成功した場合はリトライしない" name="ファイルユーティリティ withRetry 初回で成功した場合はリトライしない" time="0">
    </testcase>
    <testcase classname="ファイルユーティリティ withRetry 失敗後にリトライして成功する場合" name="ファイルユーティリティ withRetry 失敗後にリトライして成功する場合" time="0.101">
    </testcase>
    <testcase classname="ファイルユーティリティ withRetry 最大リトライ回数を超えた場合はエラーをスロー" name="ファイルユーティリティ withRetry 最大リトライ回数を超えた場合はエラーをスロー" time="0.103">
      <failure>Error: expect(jest.fn()).toHaveBeenCalledTimes(expected)

Expected number of calls: 3
Received number of calls: 2
    at Object.toHaveBeenCalledTimes (/Users/yusuketsunoda/Documents/cursor/ppttranslatorapp/tests/lib/utils/file-utils.test.ts:145:25)</failure>
    </testcase>
  </testsuite>
  <testsuite name="セッション管理" errors="0" failures="0" skipped="0" timestamp="2025-03-16T10:29:54" time="0.105" tests="9">
    <testcase classname="セッション管理 useAuth 認証状態を正しく返す" name="セッション管理 useAuth 認証状態を正しく返す" time="0.002">
    </testcase>
    <testcase classname="セッション管理 useAuth ログイン処理を正しく実行する" name="セッション管理 useAuth ログイン処理を正しく実行する" time="0.001">
    </testcase>
    <testcase classname="セッション管理 useAuth ログアウト処理を正しく実行する" name="セッション管理 useAuth ログアウト処理を正しく実行する" time="0.001">
    </testcase>
    <testcase classname="セッション管理 useAuth エラー状態を正しく処理する" name="セッション管理 useAuth エラー状態を正しく処理する" time="0.001">
    </testcase>
    <testcase classname="セッション管理 useAuth エラーをクリアする" name="セッション管理 useAuth エラーをクリアする" time="0.002">
    </testcase>
    <testcase classname="セッション管理 isSessionValid 有効なセッションを正しく検証する" name="セッション管理 isSessionValid 有効なセッションを正しく検証する" time="0.001">
    </testcase>
    <testcase classname="セッション管理 isSessionValid 期限切れのセッションを無効と判定する" name="セッション管理 isSessionValid 期限切れのセッションを無効と判定する" time="0">
    </testcase>
    <testcase classname="セッション管理 isSessionValid ユーザー情報のないセッションを無効と判定する" name="セッション管理 isSessionValid ユーザー情報のないセッションを無効と判定する" time="0">
    </testcase>
    <testcase classname="セッション管理 isSessionValid nullセッションを無効と判定する" name="セッション管理 isSessionValid nullセッションを無効と判定する" time="0">
    </testcase>
  </testsuite>
  <testsuite name="Label Component" errors="0" failures="0" skipped="0" timestamp="2025-03-16T10:29:54" time="0.096" tests="5">
    <testcase classname="Label Component 基本的なLabelをレンダリングする" name="Label Component 基本的なLabelをレンダリングする" time="0.003">
    </testcase>
    <testcase classname="Label Component htmlForプロパティを正しく設定する" name="Label Component htmlForプロパティを正しく設定する" time="0.001">
    </testcase>
    <testcase classname="Label Component カスタムクラス名を適用する" name="Label Component カスタムクラス名を適用する" time="0.001">
    </testcase>
    <testcase classname="Label Component 無効化された状態を表示する" name="Label Component 無効化された状態を表示する" time="0.002">
    </testcase>
    <testcase classname="Label Component 追加のプロパティを渡す" name="Label Component 追加のプロパティを渡す" time="0">
    </testcase>
  </testsuite>
  <testsuite name="Alert Component" errors="0" failures="0" skipped="0" timestamp="2025-03-16T10:29:54" time="0.106" tests="6">
    <testcase classname="Alert Component デフォルトのアラートをレンダリングする" name="Alert Component デフォルトのアラートをレンダリングする" time="0.018">
    </testcase>
    <testcase classname="Alert Component destructiveバリアントのアラートをレンダリングする" name="Alert Component destructiveバリアントのアラートをレンダリングする" time="0.003">
    </testcase>
    <testcase classname="Alert Component カスタムクラス名を適用する" name="Alert Component カスタムクラス名を適用する" time="0.003">
    </testcase>
    <testcase classname="Alert Component AlertTitleとAlertDescriptionを含むアラートをレンダリングする" name="Alert Component AlertTitleとAlertDescriptionを含むアラートをレンダリングする" time="0.003">
    </testcase>
    <testcase classname="Alert Component AlertTitleにカスタムクラス名を適用する" name="Alert Component AlertTitleにカスタムクラス名を適用する" time="0.001">
    </testcase>
    <testcase classname="Alert Component AlertDescriptionにカスタムクラス名を適用する" name="Alert Component AlertDescriptionにカスタムクラス名を適用する" time="0.001">
    </testcase>
  </testsuite>
  <testsuite name="Card Components" errors="0" failures="0" skipped="0" timestamp="2025-03-16T10:29:54" time="0.181" tests="13">
    <testcase classname="Card Components Card 基本的なCardをレンダリングする" name="Card Components Card 基本的なCardをレンダリングする" time="0.012">
    </testcase>
    <testcase classname="Card Components Card カスタムクラス名を適用する" name="Card Components Card カスタムクラス名を適用する" time="0.001">
    </testcase>
    <testcase classname="Card Components CardHeader CardHeaderをレンダリングする" name="Card Components CardHeader CardHeaderをレンダリングする" time="0.002">
    </testcase>
    <testcase classname="Card Components CardHeader カスタムクラス名を適用する" name="Card Components CardHeader カスタムクラス名を適用する" time="0.001">
    </testcase>
    <testcase classname="Card Components CardTitle CardTitleをレンダリングする" name="Card Components CardTitle CardTitleをレンダリングする" time="0.002">
    </testcase>
    <testcase classname="Card Components CardTitle カスタムクラス名を適用する" name="Card Components CardTitle カスタムクラス名を適用する" time="0">
    </testcase>
    <testcase classname="Card Components CardDescription CardDescriptionをレンダリングする" name="Card Components CardDescription CardDescriptionをレンダリングする" time="0.001">
    </testcase>
    <testcase classname="Card Components CardDescription カスタムクラス名を適用する" name="Card Components CardDescription カスタムクラス名を適用する" time="0.001">
    </testcase>
    <testcase classname="Card Components CardContent CardContentをレンダリングする" name="Card Components CardContent CardContentをレンダリングする" time="0.001">
    </testcase>
    <testcase classname="Card Components CardContent カスタムクラス名を適用する" name="Card Components CardContent カスタムクラス名を適用する" time="0.001">
    </testcase>
    <testcase classname="Card Components CardFooter CardFooterをレンダリングする" name="Card Components CardFooter CardFooterをレンダリングする" time="0">
    </testcase>
    <testcase classname="Card Components CardFooter カスタムクラス名を適用する" name="Card Components CardFooter カスタムクラス名を適用する" time="0.001">
    </testcase>
    <testcase classname="Card Components Card Composition すべてのカードコンポーネントを組み合わせる" name="Card Components Card Composition すべてのカードコンポーネントを組み合わせる" time="0.001">
    </testcase>
  </testsuite>
  <testsuite name="APIフック" errors="0" failures="0" skipped="0" timestamp="2025-03-16T10:29:54" time="0.086" tests="3">
    <testcase classname="APIフック useApiMutation ミューテーションを正しく実行する" name="APIフック useApiMutation ミューテーションを正しく実行する" time="0.001">
    </testcase>
    <testcase classname="APIフック useApiMutation ミューテーションエラーを正しく処理する" name="APIフック useApiMutation ミューテーションエラーを正しく処理する" time="0.001">
    </testcase>
    <testcase classname="APIフック useApiMutation カスタムメソッドを使用できる" name="APIフック useApiMutation カスタムメソッドを使用できる" time="0.001">
    </testcase>
  </testsuite>
  <testsuite name="Input Component" errors="0" failures="0" skipped="0" timestamp="2025-03-16T10:29:55" time="0.077" tests="7">
    <testcase classname="Input Component デフォルトのInputをレンダリングする" name="Input Component デフォルトのInputをレンダリングする" time="0.003">
    </testcase>
    <testcase classname="Input Component 異なるタイプのInputをレンダリングする" name="Input Component 異なるタイプのInputをレンダリングする" time="0">
    </testcase>
    <testcase classname="Input Component プレースホルダーを表示する" name="Input Component プレースホルダーを表示する" time="0.003">
    </testcase>
    <testcase classname="Input Component 無効化されたInputをレンダリングする" name="Input Component 無効化されたInputをレンダリングする" time="0">
    </testcase>
    <testcase classname="Input Component 必須のInputをレンダリングする" name="Input Component 必須のInputをレンダリングする" time="0.001">
    </testcase>
    <testcase classname="Input Component カスタムクラス名を適用する" name="Input Component カスタムクラス名を適用する" time="0">
    </testcase>
    <testcase classname="Input Component デフォルトの値を持つInputをレンダリングする" name="Input Component デフォルトの値を持つInputをレンダリングする" time="0.001">
    </testcase>
  </testsuite>
  <testsuite name="useActivityLogs" errors="0" failures="0" skipped="0" timestamp="2025-03-16T10:29:54" time="0.09" tests="4">
    <testcase classname="useActivityLogs ユーザーIDが提供されている場合、アクティビティログを取得する" name="useActivityLogs ユーザーIDが提供されている場合、アクティビティログを取得する" time="0.002">
    </testcase>
    <testcase classname="useActivityLogs ユーザーIDが提供されていない場合、データを取得しない" name="useActivityLogs ユーザーIDが提供されていない場合、データを取得しない" time="0.001">
    </testcase>
    <testcase classname="useActivityLogs エラーが発生した場合、エラー状態を設定する" name="useActivityLogs エラーが発生した場合、エラー状態を設定する" time="0.001">
    </testcase>
    <testcase classname="useActivityLogs mutate関数を呼び出すとデータを再取得する" name="useActivityLogs mutate関数を呼び出すとデータを再取得する" time="0.001">
    </testcase>
  </testsuite>
  <testsuite name="Avatar Component" errors="0" failures="0" skipped="0" timestamp="2025-03-16T10:29:54" time="0.17" tests="3">
    <testcase classname="Avatar Component Avatarコンポーネントをレンダリングする" name="Avatar Component Avatarコンポーネントをレンダリングする" time="0.012">
    </testcase>
    <testcase classname="Avatar Component AvatarFallbackをレンダリングする" name="Avatar Component AvatarFallbackをレンダリングする" time="0.002">
    </testcase>
    <testcase classname="Avatar Component カスタムクラス名を適用する" name="Avatar Component カスタムクラス名を適用する" time="0.002">
    </testcase>
  </testsuite>
  <testsuite name="エラーハンドリングユーティリティ" errors="0" failures="0" skipped="0" timestamp="2025-03-16T10:29:55" time="0.041" tests="22">
    <testcase classname="エラーハンドリングユーティリティ エラー作成関数 認証エラーを正しく作成する" name="エラーハンドリングユーティリティ エラー作成関数 認証エラーを正しく作成する" time="0">
    </testcase>
    <testcase classname="エラーハンドリングユーティリティ エラー作成関数 バリデーションエラーを正しく作成する" name="エラーハンドリングユーティリティ エラー作成関数 バリデーションエラーを正しく作成する" time="0">
    </testcase>
    <testcase classname="エラーハンドリングユーティリティ エラー作成関数 Not Foundエラーを正しく作成する" name="エラーハンドリングユーティリティ エラー作成関数 Not Foundエラーを正しく作成する" time="0.001">
    </testcase>
    <testcase classname="エラーハンドリングユーティリティ エラー作成関数 権限エラーを正しく作成する" name="エラーハンドリングユーティリティ エラー作成関数 権限エラーを正しく作成する" time="0">
    </testcase>
    <testcase classname="エラーハンドリングユーティリティ エラー作成関数 データベースエラーを正しく作成する" name="エラーハンドリングユーティリティ エラー作成関数 データベースエラーを正しく作成する" time="0">
    </testcase>
    <testcase classname="エラーハンドリングユーティリティ エラーハンドリング関数 クライアントエラーを正しく処理する" name="エラーハンドリングユーティリティ エラーハンドリング関数 クライアントエラーを正しく処理する" time="0.003">
    </testcase>
    <testcase classname="エラーハンドリングユーティリティ エラーハンドリング関数 AppErrorのクライアントエラーを正しく処理する" name="エラーハンドリングユーティリティ エラーハンドリング関数 AppErrorのクライアントエラーを正しく処理する" time="0">
    </testcase>
    <testcase classname="エラーハンドリングユーティリティ エラーハンドリング関数 APIエラーを正しく処理する" name="エラーハンドリングユーティリティ エラーハンドリング関数 APIエラーを正しく処理する" time="0.001">
    </testcase>
    <testcase classname="エラーハンドリングユーティリティ AppErrorクラス 正しく初期化される" name="エラーハンドリングユーティリティ AppErrorクラス 正しく初期化される" time="0">
    </testcase>
    <testcase classname="エラーハンドリングユーティリティ AppErrorクラス コンテキスト情報を持つことができる" name="エラーハンドリングユーティリティ AppErrorクラス コンテキスト情報を持つことができる" time="0">
    </testcase>
    <testcase classname="エラーハンドリングユーティリティ AppErrorクラス 元のエラーを保持できる" name="エラーハンドリングユーティリティ AppErrorクラス 元のエラーを保持できる" time="0">
    </testcase>
    <testcase classname="エラーハンドリングユーティリティ Error Creators createValidationErrorが正しいAppErrorを作成する" name="エラーハンドリングユーティリティ Error Creators createValidationErrorが正しいAppErrorを作成する" time="0">
    </testcase>
    <testcase classname="エラーハンドリングユーティリティ Error Creators createAuthErrorが正しいAppErrorを作成する" name="エラーハンドリングユーティリティ Error Creators createAuthErrorが正しいAppErrorを作成する" time="0">
    </testcase>
    <testcase classname="エラーハンドリングユーティリティ Error Creators createForbiddenErrorが正しいAppErrorを作成する" name="エラーハンドリングユーティリティ Error Creators createForbiddenErrorが正しいAppErrorを作成する" time="0.001">
    </testcase>
    <testcase classname="エラーハンドリングユーティリティ Error Creators createNotFoundErrorが正しいAppErrorを作成する" name="エラーハンドリングユーティリティ Error Creators createNotFoundErrorが正しいAppErrorを作成する" time="0">
    </testcase>
    <testcase classname="エラーハンドリングユーティリティ Error Creators createRateLimitErrorが正しいAppErrorを作成する" name="エラーハンドリングユーティリティ Error Creators createRateLimitErrorが正しいAppErrorを作成する" time="0">
    </testcase>
    <testcase classname="エラーハンドリングユーティリティ Error Creators createDatabaseErrorが正しいAppErrorを作成する" name="エラーハンドリングユーティリティ Error Creators createDatabaseErrorが正しいAppErrorを作成する" time="0">
    </testcase>
    <testcase classname="エラーハンドリングユーティリティ mapSessionErrorToAppError EXPIREDエラーを正しく変換する" name="エラーハンドリングユーティリティ mapSessionErrorToAppError EXPIREDエラーを正しく変換する" time="0">
    </testcase>
    <testcase classname="エラーハンドリングユーティリティ mapSessionErrorToAppError INVALIDエラーを正しく変換する" name="エラーハンドリングユーティリティ mapSessionErrorToAppError INVALIDエラーを正しく変換する" time="0.001">
    </testcase>
    <testcase classname="エラーハンドリングユーティリティ mapSessionErrorToAppError NETWORKエラーを正しく変換する" name="エラーハンドリングユーティリティ mapSessionErrorToAppError NETWORKエラーを正しく変換する" time="0">
    </testcase>
    <testcase classname="エラーハンドリングユーティリティ mapSessionErrorToAppError UNAUTHORIZEDエラーを正しく変換する" name="エラーハンドリングユーティリティ mapSessionErrorToAppError UNAUTHORIZEDエラーを正しく変換する" time="0">
    </testcase>
    <testcase classname="エラーハンドリングユーティリティ mapSessionErrorToAppError UNKNOWNエラーを正しく変換する" name="エラーハンドリングユーティリティ mapSessionErrorToAppError UNKNOWNエラーを正しく変換する" time="0">
    </testcase>
  </testsuite>
  <testsuite name="useIntersectionObserver" errors="0" failures="0" skipped="0" timestamp="2025-03-16T10:29:55" time="0.065" tests="4">
    <testcase classname="useIntersectionObserver 要素が存在する場合、IntersectionObserverを初期化して監視する" name="useIntersectionObserver 要素が存在する場合、IntersectionObserverを初期化して監視する" time="0.002">
    </testcase>
    <testcase classname="useIntersectionObserver 要素が存在しない場合、IntersectionObserverを初期化しない" name="useIntersectionObserver 要素が存在しない場合、IntersectionObserverを初期化しない" time="0">
    </testcase>
    <testcase classname="useIntersectionObserver アンマウント時にIntersectionObserverを切断する" name="useIntersectionObserver アンマウント時にIntersectionObserverを切断する" time="0.001">
    </testcase>
    <testcase classname="useIntersectionObserver 依存配列の値が変更された場合、IntersectionObserverを再初期化する" name="useIntersectionObserver 依存配列の値が変更された場合、IntersectionObserverを再初期化する" time="0">
    </testcase>
  </testsuite>
  <testsuite name="Login API" errors="0" failures="0" skipped="0" timestamp="2025-03-16T10:29:55" time="0.053" tests="6">
    <testcase classname="Login API 必須フィールドが欠けている場合は400エラーを返す" name="Login API 必須フィールドが欠けている場合は400エラーを返す" time="0.001">
    </testcase>
    <testcase classname="Login API ユーザーが存在しない場合は401エラーを返す" name="Login API ユーザーが存在しない場合は401エラーを返す" time="0">
    </testcase>
    <testcase classname="Login API パスワードが一致しない場合は401エラーを返す" name="Login API パスワードが一致しない場合は401エラーを返す" time="0">
    </testcase>
    <testcase classname="Login API 認証成功時にユーザー情報を返す" name="Login API 認証成功時にユーザー情報を返す" time="0.014">
    </testcase>
    <testcase classname="Login API データベース接続エラー時に500エラーを返す" name="Login API データベース接続エラー時に500エラーを返す" time="0">
    </testcase>
    <testcase classname="Login API 予期せぬエラー時に500エラーを返す" name="Login API 予期せぬエラー時に500エラーを返す" time="0">
    </testcase>
  </testsuite>
  <testsuite name="Health API" errors="0" failures="0" skipped="0" timestamp="2025-03-16T10:29:55" time="0.035" tests="1">
    <testcase classname="Health API GETリクエストに対して200ステータスコードとOKステータスを返す" name="Health API GETリクエストに対して200ステータスコードとOKステータスを返す" time="0.001">
    </testcase>
  </testsuite>
  <testsuite name="cn function" errors="0" failures="0" skipped="0" timestamp="2025-03-16T10:29:55" time="0.054" tests="5">
    <testcase classname="cn function クラス名を正しく結合する" name="cn function クラス名を正しく結合する" time="0.005">
    </testcase>
    <testcase classname="cn function 空の入力を処理する" name="cn function 空の入力を処理する" time="0">
    </testcase>
    <testcase classname="formatDate function 日付を日本語形式でフォーマットする" name="formatDate function 日付を日本語形式でフォーマットする" time="0.009">
    </testcase>
    <testcase classname="formatDate function 現在の日付をフォーマットする" name="formatDate function 現在の日付をフォーマットする" time="0.001">
    </testcase>
    <testcase classname="formatDate function 日付オブジェクトが必要" name="formatDate function 日付オブジェクトが必要" time="0.003">
    </testcase>
  </testsuite>
  <testsuite name="Translate API" errors="0" failures="0" skipped="0" timestamp="2025-03-16T10:29:55" time="0.034" tests="3">
    <testcase classname="Translate API POST /api/translate 有効なリクエストで翻訳を実行する" name="Translate API POST /api/translate 有効なリクエストで翻訳を実行する" time="0">
    </testcase>
    <testcase classname="Translate API POST /api/translate 無効なリクエストでエラーを返す" name="Translate API POST /api/translate 無効なリクエストでエラーを返す" time="0">
    </testcase>
    <testcase classname="Translate API GET /api/translate 翻訳履歴を取得する" name="Translate API GET /api/translate 翻訳履歴を取得する" time="0">
    </testcase>
  </testsuite>
  <testsuite name="ActivityLogger" errors="0" failures="0" skipped="0" timestamp="2025-03-16T10:29:55" time="0.036" tests="3">
    <testcase classname="ActivityLogger logActivity 有効なデータでアクティビティを記録する" name="ActivityLogger logActivity 有効なデータでアクティビティを記録する" time="0.001">
    </testcase>
    <testcase classname="ActivityLogger logActivity 必須パラメータが不足している場合はエラーをスローする" name="ActivityLogger logActivity 必須パラメータが不足している場合はエラーをスローする" time="0">
    </testcase>
    <testcase classname="ActivityLogger logActivity メタデータが正しく記録される" name="ActivityLogger logActivity メタデータが正しく記録される" time="0">
    </testcase>
  </testsuite>
  <testsuite name="Upload API" errors="0" failures="0" skipped="0" timestamp="2025-03-16T10:29:55" time="0.032" tests="2">
    <testcase classname="Upload API ファイルがアップロードされた場合、成功レスポンスを返す" name="Upload API ファイルがアップロードされた場合、成功レスポンスを返す" time="0">
    </testcase>
    <testcase classname="Upload API ファイルがアップロードされていない場合、エラーレスポンスを返す" name="Upload API ファイルがアップロードされていない場合、エラーレスポンスを返す" time="0">
    </testcase>
  </testsuite>
  <testsuite name="PPTX Generate API" errors="0" failures="0" skipped="0" timestamp="2025-03-16T10:29:55" time="0.034" tests="3">
    <testcase classname="PPTX Generate API POST /api/pptx/generate 翻訳データからPPTXファイルを生成する" name="PPTX Generate API POST /api/pptx/generate 翻訳データからPPTXファイルを生成する" time="0">
    </testcase>
    <testcase classname="PPTX Generate API POST /api/pptx/generate 必須パラメータが欠けている場合はエラーを返す" name="PPTX Generate API POST /api/pptx/generate 必須パラメータが欠けている場合はエラーを返す" time="0">
    </testcase>
    <testcase classname="PPTX Generate API POST /api/pptx/generate 翻訳データが欠けている場合はエラーを返す" name="PPTX Generate API POST /api/pptx/generate 翻訳データが欠けている場合はエラーを返す" time="0">
    </testcase>
  </testsuite>
  <testsuite name="PPTX Parse API" errors="0" failures="0" skipped="0" timestamp="2025-03-16T10:29:55" time="0.035" tests="4">
    <testcase classname="PPTX Parse API POST /api/pptx/parse 有効なPPTXファイルをパースする" name="PPTX Parse API POST /api/pptx/parse 有効なPPTXファイルをパースする" time="0.001">
    </testcase>
    <testcase classname="PPTX Parse API POST /api/pptx/parse ファイルが指定されていない場合はエラーを返す" name="PPTX Parse API POST /api/pptx/parse ファイルが指定されていない場合はエラーを返す" time="0">
    </testcase>
    <testcase classname="PPTX Parse API POST /api/pptx/parse 無効なファイルタイプの場合はエラーを返す" name="PPTX Parse API POST /api/pptx/parse 無効なファイルタイプの場合はエラーを返す" time="0">
    </testcase>
    <testcase classname="PPTX Parse API GET /api/pptx/parse ヘルスチェックエンドポイントが正常に応答する" name="PPTX Parse API GET /api/pptx/parse ヘルスチェックエンドポイントが正常に応答する" time="0">
    </testcase>
  </testsuite>
  <testsuite name="PreviewSectionComponent" errors="0" failures="3" skipped="0" timestamp="2025-03-16T10:29:54" time="1.58" tests="8">
    <testcase classname="PreviewSectionComponent スライドが正しく表示される" name="PreviewSectionComponent スライドが正しく表示される" time="0.049">
    </testcase>
    <testcase classname="PreviewSectionComponent テキストハイライトが正しく表示される" name="PreviewSectionComponent テキストハイライトが正しく表示される" time="0.009">
    </testcase>
    <testcase classname="PreviewSectionComponent スライド切り替えボタンが機能する" name="PreviewSectionComponent スライド切り替えボタンが機能する" time="0.016">
      <failure>TestingLibraryElementError: Unable to find a label with the text of: 次のスライド

Ignored nodes: comments, script, style
&lt;body&gt;
  &lt;div&gt;
    &lt;div
      class=&quot;flex flex-col h-full&quot;
    &gt;
      &lt;div
        class=&quot;flex justify-between items-center mb-4&quot;
      &gt;
        &lt;h2
          class=&quot;text-lg font-semibold&quot;
        &gt;
          プレビュー
        &lt;/h2&gt;
        &lt;div
          class=&quot;flex items-center space-x-2&quot;
        &gt;
          &lt;div
            class=&quot;flex items-center mr-4 space-x-1&quot;
          &gt;
            &lt;button
              class=&quot;inline-flex items-center justify-center whitespace-nowrap font-medium transition-colors focus-visible:outline-none focus-visible:ring-1 focus-visible:ring-ring disabled:pointer-events-none disabled:opacity-50 border border-input bg-background shadow-sm hover:bg-accent hover:text-accent-foreground rounded-md text-xs h-8 w-8 p-0&quot;
              title=&quot;縮小&quot;
            &gt;
              &lt;svg
                class=&quot;lucide lucide-minus h-4 w-4&quot;
                fill=&quot;none&quot;
                height=&quot;24&quot;
                stroke=&quot;currentColor&quot;
                stroke-linecap=&quot;round&quot;
                stroke-linejoin=&quot;round&quot;
                stroke-width=&quot;2&quot;
                viewBox=&quot;0 0 24 24&quot;
                width=&quot;24&quot;
                xmlns=&quot;http://www.w3.org/2000/svg&quot;
              &gt;
                &lt;path
                  d=&quot;M5 12h14&quot;
                /&gt;
              &lt;/svg&gt;
            &lt;/button&gt;
            &lt;button
              class=&quot;inline-flex items-center justify-center whitespace-nowrap font-medium transition-colors focus-visible:outline-none focus-visible:ring-1 focus-visible:ring-ring disabled:pointer-events-none disabled:opacity-50 border border-input bg-background shadow-sm hover:bg-accent hover:text-accent-foreground rounded-md text-xs h-8 w-8 p-0&quot;
              title=&quot;ズームリセット&quot;
            &gt;
              &lt;svg
                class=&quot;lucide lucide-rotate-ccw h-4 w-4&quot;
                fill=&quot;none&quot;
                height=&quot;24&quot;
                stroke=&quot;currentColor&quot;
                stroke-linecap=&quot;round&quot;
                stroke-linejoin=&quot;round&quot;
                stroke-width=&quot;2&quot;
                viewBox=&quot;0 0 24 24&quot;
                width=&quot;24&quot;
                xmlns=&quot;http://www.w3.org/2000/svg&quot;
              &gt;
                &lt;path
                  d=&quot;M3 12a9 9 0 1 0 9-9 9.75 9.75 0 0 0-6.74 2.74L3 8&quot;
                /&gt;
                &lt;path
                  d=&quot;M3 3v5h5&quot;
                /&gt;
              &lt;/svg&gt;
            &lt;/button&gt;
            &lt;button
              class=&quot;inline-flex items-center justify-center whitespace-nowrap font-medium transition-colors focus-visible:outline-none focus-visible:ring-1 focus-visible:ring-ring disabled:pointer-events-none disabled:opacity-50 border border-input bg-background shadow-sm hover:bg-accent hover:text-accent-foreground rounded-md text-xs h-8 w-8 p-0&quot;
              title=&quot;拡大&quot;
            &gt;
              &lt;svg
                class=&quot;lucide lucide-plus h-4 w-4&quot;
                fill=&quot;none&quot;
                height=&quot;24&quot;
                stroke=&quot;currentColor&quot;
                stroke-linecap=&quot;round&quot;
                stroke-linejoin=&quot;round&quot;
                stroke-width=&quot;2&quot;
                viewBox=&quot;0 0 24 24&quot;
                width=&quot;24&quot;
                xmlns=&quot;http://www.w3.org/2000/svg&quot;
              &gt;
                &lt;path
                  d=&quot;M5 12h14&quot;
                /&gt;
                &lt;path
                  d=&quot;M12 5v14&quot;
                /&gt;
              &lt;/svg&gt;
            &lt;/button&gt;
          &lt;/div&gt;
          &lt;button
            class=&quot;inline-flex items-center justify-center whitespace-nowrap font-medium transition-colors focus-visible:outline-none focus-visible:ring-1 focus-visible:ring-ring disabled:pointer-events-none disabled:opacity-50 border border-input bg-background shadow-sm hover:bg-accent hover:text-accent-foreground h-8 rounded-md px-3 text-xs&quot;
            disabled=&quot;&quot;
          &gt;
            &lt;svg
              class=&quot;lucide lucide-chevron-left h-4 w-4&quot;
              fill=&quot;none&quot;
              height=&quot;24&quot;
              stroke=&quot;currentColor&quot;
              stroke-linecap=&quot;round&quot;
              stroke-linejoin=&quot;round&quot;
              stroke-width=&quot;2&quot;
              viewBox=&quot;0 0 24 24&quot;
              width=&quot;24&quot;
              xmlns=&quot;http://www.w3.org/2000/svg&quot;
            &gt;
              &lt;path
                d=&quot;m15 18-6-6 6-6&quot;
              /&gt;
            &lt;/svg&gt;
          &lt;/button&gt;
          &lt;span
            class=&quot;text-sm&quot;
          &gt;
            1
             / 
            2
          &lt;/span&gt;
          &lt;button
            class=&quot;inline-flex items-center justify-center whitespace-nowrap font-medium transition-colors focus-visible:outline-none focus-visible:ring-1 focus-visible:ring-ring disabled:pointer-events-none disabled:opacity-50 border border-input bg-background shadow-sm hover:bg-accent hover:text-accent-foreground h-8 rounded-md px-3 text-xs&quot;
          &gt;
            &lt;svg
              class=&quot;lucide lucide-chevron-right h-4 w-4&quot;
              fill=&quot;none&quot;
              height=&quot;24&quot;
              stroke=&quot;currentColor&quot;
              stroke-linecap=&quot;round&quot;
              stroke-linejoin=&quot;round&quot;
              stroke-width=&quot;2&quot;
              viewBox=&quot;0 0 24 24&quot;
              width=&quot;24&quot;
              xmlns=&quot;http://www.w3.org/2000/svg&quot;
            &gt;
              &lt;path
                d=&quot;m9 18 6-6-6-6&quot;
              /&gt;
            &lt;/svg&gt;
          &lt;/button&gt;
        &lt;/div&gt;
      &lt;/div&gt;
      &lt;div
        class=&quot;relative flex-1 border rounded-md overflow-hidden bg-gray-100&quot;
        data-testid=&quot;slide-preview&quot;
        style=&quot;cursor: default; min-height: 400px; height: 60vh; display: flex; justify-content: center; align-items: center;&quot;
      &gt;
        &lt;div
          class=&quot;relative w-full h-full flex justify-center items-center&quot;
        &gt;
          &lt;div
            class=&quot;relative&quot;
            style=&quot;transform: scale(1) translate(0px, 0px); transform-origin: center; transition: transform 0.2s ease; pointer-events: auto; max-width: 100%; max-height: 100%;&quot;
          &gt;
            &lt;img
              alt=&quot;Slide 1&quot;
              class=&quot;object-contain&quot;
              data-testid=&quot;slide-image&quot;
              draggable=&quot;false&quot;
              src=&quot;/test-image-1.png&quot;
              style=&quot;pointer-events: none; max-width: 100%; max-height: 100%; display: block;&quot;
            /&gt;
            &lt;div
              class=&quot;absolute top-0 left-0 w-full h-full pointer-events-none&quot;
            &gt;
              &lt;div
                class=&quot;cursor-pointer&quot;
                data-testid=&quot;text-highlight-0&quot;
                style=&quot;position: absolute; left: 100px; top: 100px; width: 200px; height: 50px; pointer-events: auto; cursor: pointer; transition: all 0.2s ease; z-index: 30; transform-origin: top left; border: 1px dashed rgba(156, 163, 175, 0.5); background-color: rgba(229, 231, 235, 0.1);&quot;
              /&gt;
              &lt;div
                class=&quot;cursor-pointer&quot;
                data-testid=&quot;text-highlight-1&quot;
                style=&quot;position: absolute; left: 100px; top: 200px; width: 200px; height: 50px; pointer-events: auto; cursor: pointer; transition: all 0.2s ease; z-index: 30; transform-origin: top left; border: 1px dashed rgba(156, 163, 175, 0.5); background-color: rgba(229, 231, 235, 0.1);&quot;
              /&gt;
            &lt;/div&gt;
          &lt;/div&gt;
        &lt;/div&gt;
      &lt;/div&gt;
      &lt;div
        class=&quot;mt-4 border rounded-md p-4 bg-white&quot;
        data-testid=&quot;translation-text&quot;
      &gt;
        &lt;h3
          class=&quot;font-medium mb-2&quot;
        &gt;
          スライド内のテキスト
        &lt;/h3&gt;
        &lt;div
          class=&quot;space-y-4&quot;
        &gt;
          &lt;div
            class=&quot;p-3 rounded-md transition-colors duration-200 bg-gray-50&quot;
          &gt;
            &lt;div
              class=&quot;grid grid-cols-1 md:grid-cols-2 gap-4&quot;
            &gt;
              &lt;div&gt;
                &lt;p
                  class=&quot;text-sm font-medium text-gray-500 mb-1&quot;
                &gt;
                  原文 
                  :
                &lt;/p&gt;
                &lt;div
                  class=&quot;p-2 bg-white rounded-md min-h-[40px] border border-gray-100&quot;
                &gt;
                  テストテキスト1
                &lt;/div&gt;
              &lt;/div&gt;
              &lt;div&gt;
                &lt;p
                  class=&quot;text-sm font-medium text-gray-500 mb-1&quot;
                &gt;
                  翻訳:
                &lt;/p&gt;
                &lt;div
                  class=&quot;p-2 bg-white rounded-md min-h-[40px] border border-gray-100&quot;
                &gt;
                  翻訳がありません
                &lt;/div&gt;
              &lt;/div&gt;
            &lt;/div&gt;
          &lt;/div&gt;
          &lt;div
            class=&quot;p-3 rounded-md transition-colors duration-200 bg-gray-50&quot;
          &gt;
            &lt;div
              class=&quot;grid grid-cols-1 md:grid-cols-2 gap-4&quot;
            &gt;
              &lt;div&gt;
                &lt;p
                  class=&quot;text-sm font-medium text-gray-500 mb-1&quot;
                &gt;
                  原文 
                  :
                &lt;/p&gt;
                &lt;div
                  class=&quot;p-2 bg-white rounded-md min-h-[40px] border border-gray-100&quot;
                &gt;
                  テストテキスト2
                &lt;/div&gt;
              &lt;/div&gt;
              &lt;div&gt;
                &lt;p
                  class=&quot;text-sm font-medium text-gray-500 mb-1&quot;
                &gt;
                  翻訳:
                &lt;/p&gt;
                &lt;div
                  class=&quot;p-2 bg-white rounded-md min-h-[40px] border border-gray-100&quot;
                &gt;
                  翻訳がありません
                &lt;/div&gt;
              &lt;/div&gt;
            &lt;/div&gt;
          &lt;/div&gt;
        &lt;/div&gt;
      &lt;/div&gt;
    &lt;/div&gt;
  &lt;/div&gt;
&lt;/body&gt;
    at Object.getElementError (/Users/yusuketsunoda/Documents/cursor/ppttranslatorapp/node_modules/@testing-library/dom/dist/config.js:37:19)
    at getAllByLabelText (/Users/yusuketsunoda/Documents/cursor/ppttranslatorapp/node_modules/@testing-library/dom/dist/queries/label-text.js:111:38)
    at /Users/yusuketsunoda/Documents/cursor/ppttranslatorapp/node_modules/@testing-library/dom/dist/query-helpers.js:52:17
    at /Users/yusuketsunoda/Documents/cursor/ppttranslatorapp/node_modules/@testing-library/dom/dist/query-helpers.js:95:19
    at Object.getByLabelText (/Users/yusuketsunoda/Documents/cursor/ppttranslatorapp/tests/app/translate/components/PreviewSection.test.tsx:122:31)
    at Promise.then.completed (/Users/yusuketsunoda/Documents/cursor/ppttranslatorapp/node_modules/jest-circus/build/utils.js:298:28)
    at new Promise (&lt;anonymous&gt;)
    at callAsyncCircusFn (/Users/yusuketsunoda/Documents/cursor/ppttranslatorapp/node_modules/jest-circus/build/utils.js:231:10)
    at _callCircusTest (/Users/yusuketsunoda/Documents/cursor/ppttranslatorapp/node_modules/jest-circus/build/run.js:316:40)
    at processTicksAndRejections (node:internal/process/task_queues:105:5)
    at _runTest (/Users/yusuketsunoda/Documents/cursor/ppttranslatorapp/node_modules/jest-circus/build/run.js:252:3)
    at _runTestsForDescribeBlock (/Users/yusuketsunoda/Documents/cursor/ppttranslatorapp/node_modules/jest-circus/build/run.js:126:9)
    at _runTestsForDescribeBlock (/Users/yusuketsunoda/Documents/cursor/ppttranslatorapp/node_modules/jest-circus/build/run.js:121:9)
    at run (/Users/yusuketsunoda/Documents/cursor/ppttranslatorapp/node_modules/jest-circus/build/run.js:71:3)
    at runAndTransformResultsToJestFormat (/Users/yusuketsunoda/Documents/cursor/ppttranslatorapp/node_modules/jest-circus/build/legacy-code-todo-rewrite/jestAdapterInit.js:122:21)
    at jestAdapter (/Users/yusuketsunoda/Documents/cursor/ppttranslatorapp/node_modules/jest-circus/build/legacy-code-todo-rewrite/jestAdapter.js:79:19)
    at runTestInternal (/Users/yusuketsunoda/Documents/cursor/ppttranslatorapp/node_modules/jest-runner/build/runTest.js:367:16)
    at runTest (/Users/yusuketsunoda/Documents/cursor/ppttranslatorapp/node_modules/jest-runner/build/runTest.js:444:34)
    at Object.worker (/Users/yusuketsunoda/Documents/cursor/ppttranslatorapp/node_modules/jest-runner/build/testWorker.js:106:12)</failure>
    </testcase>
    <testcase classname="PreviewSectionComponent テキストをクリックするとonTextSelectが呼ばれる" name="PreviewSectionComponent テキストをクリックするとonTextSelectが呼ばれる" time="0.015">
    </testcase>
    <testcase classname="PreviewSectionComponent テキストにホバーするとonTextHoverが呼ばれる" name="PreviewSectionComponent テキストにホバーするとonTextHoverが呼ばれる" time="0.018">
    </testcase>
    <testcase classname="PreviewSectionComponent ズームイン・ズームアウトボタンが機能する" name="PreviewSectionComponent ズームイン・ズームアウトボタンが機能する" time="0.007">
      <failure>TestingLibraryElementError: Unable to find a label with the text of: 拡大

Ignored nodes: comments, script, style
&lt;body&gt;
  &lt;div&gt;
    &lt;div
      class=&quot;flex flex-col h-full&quot;
    &gt;
      &lt;div
        class=&quot;flex justify-between items-center mb-4&quot;
      &gt;
        &lt;h2
          class=&quot;text-lg font-semibold&quot;
        &gt;
          プレビュー
        &lt;/h2&gt;
        &lt;div
          class=&quot;flex items-center space-x-2&quot;
        &gt;
          &lt;div
            class=&quot;flex items-center mr-4 space-x-1&quot;
          &gt;
            &lt;button
              class=&quot;inline-flex items-center justify-center whitespace-nowrap font-medium transition-colors focus-visible:outline-none focus-visible:ring-1 focus-visible:ring-ring disabled:pointer-events-none disabled:opacity-50 border border-input bg-background shadow-sm hover:bg-accent hover:text-accent-foreground rounded-md text-xs h-8 w-8 p-0&quot;
              title=&quot;縮小&quot;
            &gt;
              &lt;svg
                class=&quot;lucide lucide-minus h-4 w-4&quot;
                fill=&quot;none&quot;
                height=&quot;24&quot;
                stroke=&quot;currentColor&quot;
                stroke-linecap=&quot;round&quot;
                stroke-linejoin=&quot;round&quot;
                stroke-width=&quot;2&quot;
                viewBox=&quot;0 0 24 24&quot;
                width=&quot;24&quot;
                xmlns=&quot;http://www.w3.org/2000/svg&quot;
              &gt;
                &lt;path
                  d=&quot;M5 12h14&quot;
                /&gt;
              &lt;/svg&gt;
            &lt;/button&gt;
            &lt;button
              class=&quot;inline-flex items-center justify-center whitespace-nowrap font-medium transition-colors focus-visible:outline-none focus-visible:ring-1 focus-visible:ring-ring disabled:pointer-events-none disabled:opacity-50 border border-input bg-background shadow-sm hover:bg-accent hover:text-accent-foreground rounded-md text-xs h-8 w-8 p-0&quot;
              title=&quot;ズームリセット&quot;
            &gt;
              &lt;svg
                class=&quot;lucide lucide-rotate-ccw h-4 w-4&quot;
                fill=&quot;none&quot;
                height=&quot;24&quot;
                stroke=&quot;currentColor&quot;
                stroke-linecap=&quot;round&quot;
                stroke-linejoin=&quot;round&quot;
                stroke-width=&quot;2&quot;
                viewBox=&quot;0 0 24 24&quot;
                width=&quot;24&quot;
                xmlns=&quot;http://www.w3.org/2000/svg&quot;
              &gt;
                &lt;path
                  d=&quot;M3 12a9 9 0 1 0 9-9 9.75 9.75 0 0 0-6.74 2.74L3 8&quot;
                /&gt;
                &lt;path
                  d=&quot;M3 3v5h5&quot;
                /&gt;
              &lt;/svg&gt;
            &lt;/button&gt;
            &lt;button
              class=&quot;inline-flex items-center justify-center whitespace-nowrap font-medium transition-colors focus-visible:outline-none focus-visible:ring-1 focus-visible:ring-ring disabled:pointer-events-none disabled:opacity-50 border border-input bg-background shadow-sm hover:bg-accent hover:text-accent-foreground rounded-md text-xs h-8 w-8 p-0&quot;
              title=&quot;拡大&quot;
            &gt;
              &lt;svg
                class=&quot;lucide lucide-plus h-4 w-4&quot;
                fill=&quot;none&quot;
                height=&quot;24&quot;
                stroke=&quot;currentColor&quot;
                stroke-linecap=&quot;round&quot;
                stroke-linejoin=&quot;round&quot;
                stroke-width=&quot;2&quot;
                viewBox=&quot;0 0 24 24&quot;
                width=&quot;24&quot;
                xmlns=&quot;http://www.w3.org/2000/svg&quot;
              &gt;
                &lt;path
                  d=&quot;M5 12h14&quot;
                /&gt;
                &lt;path
                  d=&quot;M12 5v14&quot;
                /&gt;
              &lt;/svg&gt;
            &lt;/button&gt;
          &lt;/div&gt;
          &lt;button
            class=&quot;inline-flex items-center justify-center whitespace-nowrap font-medium transition-colors focus-visible:outline-none focus-visible:ring-1 focus-visible:ring-ring disabled:pointer-events-none disabled:opacity-50 border border-input bg-background shadow-sm hover:bg-accent hover:text-accent-foreground h-8 rounded-md px-3 text-xs&quot;
            disabled=&quot;&quot;
          &gt;
            &lt;svg
              class=&quot;lucide lucide-chevron-left h-4 w-4&quot;
              fill=&quot;none&quot;
              height=&quot;24&quot;
              stroke=&quot;currentColor&quot;
              stroke-linecap=&quot;round&quot;
              stroke-linejoin=&quot;round&quot;
              stroke-width=&quot;2&quot;
              viewBox=&quot;0 0 24 24&quot;
              width=&quot;24&quot;
              xmlns=&quot;http://www.w3.org/2000/svg&quot;
            &gt;
              &lt;path
                d=&quot;m15 18-6-6 6-6&quot;
              /&gt;
            &lt;/svg&gt;
          &lt;/button&gt;
          &lt;span
            class=&quot;text-sm&quot;
          &gt;
            1
             / 
            2
          &lt;/span&gt;
          &lt;button
            class=&quot;inline-flex items-center justify-center whitespace-nowrap font-medium transition-colors focus-visible:outline-none focus-visible:ring-1 focus-visible:ring-ring disabled:pointer-events-none disabled:opacity-50 border border-input bg-background shadow-sm hover:bg-accent hover:text-accent-foreground h-8 rounded-md px-3 text-xs&quot;
          &gt;
            &lt;svg
              class=&quot;lucide lucide-chevron-right h-4 w-4&quot;
              fill=&quot;none&quot;
              height=&quot;24&quot;
              stroke=&quot;currentColor&quot;
              stroke-linecap=&quot;round&quot;
              stroke-linejoin=&quot;round&quot;
              stroke-width=&quot;2&quot;
              viewBox=&quot;0 0 24 24&quot;
              width=&quot;24&quot;
              xmlns=&quot;http://www.w3.org/2000/svg&quot;
            &gt;
              &lt;path
                d=&quot;m9 18 6-6-6-6&quot;
              /&gt;
            &lt;/svg&gt;
          &lt;/button&gt;
        &lt;/div&gt;
      &lt;/div&gt;
      &lt;div
        class=&quot;relative flex-1 border rounded-md overflow-hidden bg-gray-100&quot;
        data-testid=&quot;slide-preview&quot;
        style=&quot;cursor: default; min-height: 400px; height: 60vh; display: flex; justify-content: center; align-items: center;&quot;
      &gt;
        &lt;div
          class=&quot;relative w-full h-full flex justify-center items-center&quot;
        &gt;
          &lt;div
            class=&quot;relative&quot;
            style=&quot;transform: scale(1) translate(0px, 0px); transform-origin: center; transition: transform 0.2s ease; pointer-events: auto; max-width: 100%; max-height: 100%;&quot;
          &gt;
            &lt;img
              alt=&quot;Slide 1&quot;
              class=&quot;object-contain&quot;
              data-testid=&quot;slide-image&quot;
              draggable=&quot;false&quot;
              src=&quot;/test-image-1.png&quot;
              style=&quot;pointer-events: none; max-width: 100%; max-height: 100%; display: block;&quot;
            /&gt;
            &lt;div
              class=&quot;absolute top-0 left-0 w-full h-full pointer-events-none&quot;
            &gt;
              &lt;div
                class=&quot;cursor-pointer&quot;
                data-testid=&quot;text-highlight-0&quot;
                style=&quot;position: absolute; left: 100px; top: 100px; width: 200px; height: 50px; pointer-events: auto; cursor: pointer; transition: all 0.2s ease; z-index: 30; transform-origin: top left; border: 1px dashed rgba(156, 163, 175, 0.5); background-color: rgba(229, 231, 235, 0.1);&quot;
              /&gt;
              &lt;div
                class=&quot;cursor-pointer&quot;
                data-testid=&quot;text-highlight-1&quot;
                style=&quot;position: absolute; left: 100px; top: 200px; width: 200px; height: 50px; pointer-events: auto; cursor: pointer; transition: all 0.2s ease; z-index: 30; transform-origin: top left; border: 1px dashed rgba(156, 163, 175, 0.5); background-color: rgba(229, 231, 235, 0.1);&quot;
              /&gt;
            &lt;/div&gt;
          &lt;/div&gt;
        &lt;/div&gt;
      &lt;/div&gt;
      &lt;div
        class=&quot;mt-4 border rounded-md p-4 bg-white&quot;
        data-testid=&quot;translation-text&quot;
      &gt;
        &lt;h3
          class=&quot;font-medium mb-2&quot;
        &gt;
          スライド内のテキスト
        &lt;/h3&gt;
        &lt;div
          class=&quot;space-y-4&quot;
        &gt;
          &lt;div
            class=&quot;p-3 rounded-md transition-colors duration-200 bg-gray-50&quot;
          &gt;
            &lt;div
              class=&quot;grid grid-cols-1 md:grid-cols-2 gap-4&quot;
            &gt;
              &lt;div&gt;
                &lt;p
                  class=&quot;text-sm font-medium text-gray-500 mb-1&quot;
                &gt;
                  原文 
                  :
                &lt;/p&gt;
                &lt;div
                  class=&quot;p-2 bg-white rounded-md min-h-[40px] border border-gray-100&quot;
                &gt;
                  テストテキスト1
                &lt;/div&gt;
              &lt;/div&gt;
              &lt;div&gt;
                &lt;p
                  class=&quot;text-sm font-medium text-gray-500 mb-1&quot;
                &gt;
                  翻訳:
                &lt;/p&gt;
                &lt;div
                  class=&quot;p-2 bg-white rounded-md min-h-[40px] border border-gray-100&quot;
                &gt;
                  翻訳がありません
                &lt;/div&gt;
              &lt;/div&gt;
            &lt;/div&gt;
          &lt;/div&gt;
          &lt;div
            class=&quot;p-3 rounded-md transition-colors duration-200 bg-gray-50&quot;
          &gt;
            &lt;div
              class=&quot;grid grid-cols-1 md:grid-cols-2 gap-4&quot;
            &gt;
              &lt;div&gt;
                &lt;p
                  class=&quot;text-sm font-medium text-gray-500 mb-1&quot;
                &gt;
                  原文 
                  :
                &lt;/p&gt;
                &lt;div
                  class=&quot;p-2 bg-white rounded-md min-h-[40px] border border-gray-100&quot;
                &gt;
                  テストテキスト2
                &lt;/div&gt;
              &lt;/div&gt;
              &lt;div&gt;
                &lt;p
                  class=&quot;text-sm font-medium text-gray-500 mb-1&quot;
                &gt;
                  翻訳:
                &lt;/p&gt;
                &lt;div
                  class=&quot;p-2 bg-white rounded-md min-h-[40px] border border-gray-100&quot;
                &gt;
                  翻訳がありません
                &lt;/div&gt;
              &lt;/div&gt;
            &lt;/div&gt;
          &lt;/div&gt;
        &lt;/div&gt;
      &lt;/div&gt;
    &lt;/div&gt;
  &lt;/div&gt;
&lt;/body&gt;
    at Object.getElementError (/Users/yusuketsunoda/Documents/cursor/ppttranslatorapp/node_modules/@testing-library/dom/dist/config.js:37:19)
    at getAllByLabelText (/Users/yusuketsunoda/Documents/cursor/ppttranslatorapp/node_modules/@testing-library/dom/dist/queries/label-text.js:111:38)
    at /Users/yusuketsunoda/Documents/cursor/ppttranslatorapp/node_modules/@testing-library/dom/dist/query-helpers.js:52:17
    at /Users/yusuketsunoda/Documents/cursor/ppttranslatorapp/node_modules/@testing-library/dom/dist/query-helpers.js:95:19
    at Object.getByLabelText (/Users/yusuketsunoda/Documents/cursor/ppttranslatorapp/tests/app/translate/components/PreviewSection.test.tsx:178:33)
    at Promise.then.completed (/Users/yusuketsunoda/Documents/cursor/ppttranslatorapp/node_modules/jest-circus/build/utils.js:298:28)
    at new Promise (&lt;anonymous&gt;)
    at callAsyncCircusFn (/Users/yusuketsunoda/Documents/cursor/ppttranslatorapp/node_modules/jest-circus/build/utils.js:231:10)
    at _callCircusTest (/Users/yusuketsunoda/Documents/cursor/ppttranslatorapp/node_modules/jest-circus/build/run.js:316:40)
    at processTicksAndRejections (node:internal/process/task_queues:105:5)
    at _runTest (/Users/yusuketsunoda/Documents/cursor/ppttranslatorapp/node_modules/jest-circus/build/run.js:252:3)
    at _runTestsForDescribeBlock (/Users/yusuketsunoda/Documents/cursor/ppttranslatorapp/node_modules/jest-circus/build/run.js:126:9)
    at _runTestsForDescribeBlock (/Users/yusuketsunoda/Documents/cursor/ppttranslatorapp/node_modules/jest-circus/build/run.js:121:9)
    at run (/Users/yusuketsunoda/Documents/cursor/ppttranslatorapp/node_modules/jest-circus/build/run.js:71:3)
    at runAndTransformResultsToJestFormat (/Users/yusuketsunoda/Documents/cursor/ppttranslatorapp/node_modules/jest-circus/build/legacy-code-todo-rewrite/jestAdapterInit.js:122:21)
    at jestAdapter (/Users/yusuketsunoda/Documents/cursor/ppttranslatorapp/node_modules/jest-circus/build/legacy-code-todo-rewrite/jestAdapter.js:79:19)
    at runTestInternal (/Users/yusuketsunoda/Documents/cursor/ppttranslatorapp/node_modules/jest-runner/build/runTest.js:367:16)
    at runTest (/Users/yusuketsunoda/Documents/cursor/ppttranslatorapp/node_modules/jest-runner/build/runTest.js:444:34)
    at Object.worker (/Users/yusuketsunoda/Documents/cursor/ppttranslatorapp/node_modules/jest-runner/build/testWorker.js:106:12)</failure>
    </testcase>
    <testcase classname="PreviewSectionComponent 画像読み込みエラー時に適切なメッセージが表示される" name="PreviewSectionComponent 画像読み込みエラー時に適切なメッセージが表示される" time="1.017">
      <failure>Error: Unable to find an element with the text: 画像の読み込みに失敗しました. This could be because the text is broken up by multiple elements. In this case, you can provide a function for your text matcher to make your matcher more flexible.

Ignored nodes: comments, script, style
&lt;body&gt;
  &lt;div&gt;
    &lt;div
      class=&quot;flex flex-col h-full&quot;
    &gt;
      &lt;div
        class=&quot;flex justify-between items-center mb-4&quot;
      &gt;
        &lt;h2
          class=&quot;text-lg font-semibold&quot;
        &gt;
          プレビュー
        &lt;/h2&gt;
        &lt;div
          class=&quot;flex items-center space-x-2&quot;
        &gt;
          &lt;div
            class=&quot;flex items-center mr-4 space-x-1&quot;
          &gt;
            &lt;button
              class=&quot;inline-flex items-center justify-center whitespace-nowrap font-medium transition-colors focus-visible:outline-none focus-visible:ring-1 focus-visible:ring-ring disabled:pointer-events-none disabled:opacity-50 border border-input bg-background shadow-sm hover:bg-accent hover:text-accent-foreground rounded-md text-xs h-8 w-8 p-0&quot;
              title=&quot;縮小&quot;
            &gt;
              &lt;svg
                class=&quot;lucide lucide-minus h-4 w-4&quot;
                fill=&quot;none&quot;
                height=&quot;24&quot;
                stroke=&quot;currentColor&quot;
                stroke-linecap=&quot;round&quot;
                stroke-linejoin=&quot;round&quot;
                stroke-width=&quot;2&quot;
                viewBox=&quot;0 0 24 24&quot;
                width=&quot;24&quot;
                xmlns=&quot;http://www.w3.org/2000/svg&quot;
              &gt;
                &lt;path
                  d=&quot;M5 12h14&quot;
                /&gt;
              &lt;/svg&gt;
            &lt;/button&gt;
            &lt;button
              class=&quot;inline-flex items-center justify-center whitespace-nowrap font-medium transition-colors focus-visible:outline-none focus-visible:ring-1 focus-visible:ring-ring disabled:pointer-events-none disabled:opacity-50 border border-input bg-background shadow-sm hover:bg-accent hover:text-accent-foreground rounded-md text-xs h-8 w-8 p-0&quot;
              title=&quot;ズームリセット&quot;
            &gt;
              &lt;svg
                class=&quot;lucide lucide-rotate-ccw h-4 w-4&quot;
                fill=&quot;none&quot;
                height=&quot;24&quot;
                stroke=&quot;currentColor&quot;
                stroke-linecap=&quot;round&quot;
                stroke-linejoin=&quot;round&quot;
                stroke-width=&quot;2&quot;
                viewBox=&quot;0 0 24 24&quot;
                width=&quot;24&quot;
                xmlns=&quot;http://www.w3.org/2000/svg&quot;
              &gt;
                &lt;path
                  d=&quot;M3 12a9 9 0 1 0 9-9 9.75 9.75 0 0 0-6.74 2.74L3 8&quot;
                /&gt;
                &lt;path
                  d=&quot;M3 3v5h5&quot;
                /&gt;
              &lt;/svg&gt;
            &lt;/button&gt;
            &lt;button
              class=&quot;inline-flex items-center justify-center whitespace-nowrap font-medium transition-colors focus-visible:outline-none focus-visible:ring-1 focus-visible:ring-ring disabled:pointer-events-none disabled:opacity-50 border border-input bg-background shadow-sm hover:bg-accent hover:text-accent-foreground rounded-md text-xs h-8 w-8 p-0&quot;
              title=&quot;拡大&quot;
            &gt;
              &lt;svg
                class=&quot;lucide lucide-plus h-4 w-4&quot;
                fill=&quot;none&quot;
                height=&quot;24&quot;
                stroke=&quot;currentColor&quot;
                stroke-linecap=&quot;round&quot;
                stroke-linejoin=&quot;round&quot;
                stroke-width=&quot;2&quot;
                viewBox=&quot;0 0 24 24&quot;
                width=&quot;24&quot;
                xmlns=&quot;http://www.w3.org/2000/svg&quot;
              &gt;
                &lt;path
                  d=&quot;M5 12h14&quot;
                /&gt;
                &lt;path
                  d=&quot;M12 5v14&quot;
                /&gt;
              &lt;/svg&gt;
            &lt;/button&gt;
          &lt;/div&gt;
          &lt;button
            class=&quot;inline-flex items-center justify-center whitespace-nowrap font-medium transition-colors focus-visible:outline-none focus-visible:ring-1 focus-visible:ring-ring disabled:pointer-events-none disabled:opacity-50 border border-input bg-background shadow-sm hover:bg-accent hover:text-accent-foreground h-8 rounded-md px-3 text-xs&quot;
            disabled=&quot;&quot;
          &gt;
            &lt;svg
              class=&quot;lucide lucide-chevron-left h-4 w-4&quot;
              fill=&quot;none&quot;
              height=&quot;24&quot;
              stroke=&quot;currentColor&quot;
              stroke-linecap=&quot;round&quot;
              stroke-linejoin=&quot;round&quot;
              stroke-width=&quot;2&quot;
              viewBox=&quot;0 0 24 24&quot;
              width=&quot;24&quot;
              xmlns=&quot;http://www.w3.org/2000/svg&quot;
            &gt;
              &lt;path
                d=&quot;m15 18-6-6 6-6&quot;
              /&gt;
            &lt;/svg&gt;
          &lt;/button&gt;
          &lt;span
            class=&quot;text-sm&quot;
          &gt;
            1
             / 
            1
          &lt;/span&gt;
          &lt;button
            class=&quot;inline-flex items-center justify-center whitespace-nowrap font-medium transition-colors focus-visible:outline-none focus-visible:ring-1 focus-visible:ring-ring disabled:pointer-events-none disabled:opacity-50 border border-input bg-background shadow-sm hover:bg-accent hover:text-accent-foreground h-8 rounded-md px-3 text-xs&quot;
            disabled=&quot;&quot;
          &gt;
            &lt;svg
              class=&quot;lucide lucide-chevron-right h-4 w-4&quot;
              fill=&quot;none&quot;
              height=&quot;24&quot;
              stroke=&quot;currentColor&quot;
              stroke-linecap=&quot;round&quot;
              stroke-linejoin=&quot;round&quot;
              stroke-width=&quot;2&quot;
              viewBox=&quot;0 0 24 24&quot;
              width=&quot;24&quot;
              xmlns=&quot;http://www.w3.org/2000/svg&quot;
            &gt;
              &lt;path
                d=&quot;m9 18 6-6-6-6&quot;
              /&gt;
            &lt;/svg&gt;
          &lt;/button&gt;
        &lt;/div&gt;
      &lt;/div&gt;
      &lt;div
        class=&quot;relative flex-1 border rounded-md overflow-hidden bg-gray-100&quot;
        data-testid=&quot;slide-preview&quot;
        style=&quot;cursor: default; min-height: 400px; height: 60vh; display: flex; justify-content: center; align-items: center;&quot;
      &gt;
        &lt;div
          class=&quot;relative w-full h-full flex justify-center items-center&quot;
        &gt;
          &lt;div
            class=&quot;relative&quot;
            style=&quot;transform: scale(1) translate(0px, 0px); transform-origin: center; transition: transform 0.2s ease; pointer-events: auto; max-width: 100%; max-height: 100%;&quot;
          &gt;
            &lt;img
              alt=&quot;Slide 1&quot;
              class=&quot;object-contain&quot;
              data-testid=&quot;slide-image&quot;
              draggable=&quot;false&quot;
              src=&quot;&quot;
              style=&quot;pointer-events: none; max-width: 100%; max-height: 100%; display: block;&quot;
            /&gt;
            &lt;div
              class=&quot;absolute top-0 left-0 w-full h-full pointer-events-none&quot;
            &gt;
              &lt;div
                class=&quot;cursor-pointer&quot;
                data-testid=&quot;text-highlight-0&quot;
                style=&quot;position: absolute; left: 100px; top: 100px; width: 200px; height: 50px; pointer-events: auto; cursor: pointer; transition: all 0.2s ease; z-index: 30; transform-origin: top left; border: 1px dashed rgba(156, 163, 175, 0.5); background-color: rgba(229, 231, 235, 0.1);&quot;
              /&gt;
              &lt;div
                class=&quot;cursor-pointer&quot;
                data-testid=&quot;text-highlight-1&quot;
                style=&quot;position: absolute; left: 100px; top: 200px; width: 200px; height: 50px; pointer-events: auto; cursor: pointer; transition: all 0.2s ease; z-index: 30; transform-origin: top left; border: 1px dashed rgba(156, 163, 175, 0.5); background-color: rgba(229, 231, 235, 0.1);&quot;
              /&gt;
            &lt;/div&gt;
          &lt;/div&gt;
        &lt;/div&gt;
      &lt;/div&gt;
      &lt;div
        class=&quot;mt-4 border rounded-md p-4 bg-white&quot;
        data-testid=&quot;translation-text&quot;
      &gt;
        &lt;h3
          class=&quot;font-medium mb-2&quot;
        &gt;
          スライド内のテキスト
        &lt;/h3&gt;
        &lt;div
          class=&quot;space-y-4&quot;
        &gt;
          &lt;div
            class=&quot;p-3 rounded-md transition-colors duration-200 bg-gray-50&quot;
          &gt;
            &lt;div
              class=&quot;grid grid-cols-1 md:grid-cols-2 gap-4&quot;
            &gt;
              &lt;div&gt;
                &lt;p
                  class=&quot;text-sm font-medium text-gray-500 mb-1&quot;
                &gt;
                  原文 
                  :
                &lt;/p&gt;
                &lt;div
                  class=&quot;p-2 bg-white rounded-md min-h-[40px] border border-gray-100&quot;
                &gt;
                  テストテキスト1
                &lt;/div&gt;
              &lt;/div&gt;
              &lt;div&gt;
                &lt;p
                  class=&quot;text-sm font-medium text-gray-500 mb-1&quot;
                &gt;
                  翻訳:
                &lt;/p&gt;
                &lt;div
                  class=&quot;p-2 bg-white rounded-md min-h-[40px] border border-gray-100&quot;
                &gt;
                  翻訳がありません
                &lt;/div&gt;
              &lt;/div&gt;
            &lt;/div&gt;
          &lt;/div&gt;
          &lt;div
            class=&quot;p-3 rounded-md transition-colors duration-200 bg-gray-50&quot;
          &gt;
            &lt;div
              class=&quot;grid grid-cols-1 md:grid-cols-2 gap-4&quot;
            &gt;
              &lt;div&gt;
                &lt;p
                  class=&quot;text-sm font-medium text-gray-500 mb-1&quot;
                &gt;
                  原文 
                  :
                &lt;/p&gt;
                &lt;div
                  class=&quot;p-2 bg-white rounded-md min-h-[40px] border border-gray-100&quot;
                &gt;
                  テストテキスト2
                &lt;/div&gt;
              &lt;/div&gt;
              &lt;div&gt;
                &lt;p
                  class=&quot;text-sm font-medium text-gray-500 mb-1&quot;
                &gt;
                  翻訳:
                &lt;/p&gt;
                &lt;div
                  class=&quot;p-2 bg-white rounded-md min-h-[40px] border border-gray-100&quot;
                &gt;
                  翻訳がありません
                &lt;/div&gt;
              &lt;/div&gt;
            &lt;/div&gt;
          &lt;/div&gt;
        &lt;/div&gt;
      &lt;/div&gt;
    &lt;/div&gt;
  &lt;/div&gt;
&lt;/body&gt;
    at waitForWrapper (/Users/yusuketsunoda/Documents/cursor/ppttranslatorapp/node_modules/@testing-library/dom/dist/wait-for.js:163:27)
    at Object.&lt;anonymous&gt; (/Users/yusuketsunoda/Documents/cursor/ppttranslatorapp/tests/app/translate/components/PreviewSection.test.tsx:216:18)
    at Promise.then.completed (/Users/yusuketsunoda/Documents/cursor/ppttranslatorapp/node_modules/jest-circus/build/utils.js:298:28)
    at new Promise (&lt;anonymous&gt;)
    at callAsyncCircusFn (/Users/yusuketsunoda/Documents/cursor/ppttranslatorapp/node_modules/jest-circus/build/utils.js:231:10)
    at _callCircusTest (/Users/yusuketsunoda/Documents/cursor/ppttranslatorapp/node_modules/jest-circus/build/run.js:316:40)
    at processTicksAndRejections (node:internal/process/task_queues:105:5)
    at _runTest (/Users/yusuketsunoda/Documents/cursor/ppttranslatorapp/node_modules/jest-circus/build/run.js:252:3)
    at _runTestsForDescribeBlock (/Users/yusuketsunoda/Documents/cursor/ppttranslatorapp/node_modules/jest-circus/build/run.js:126:9)
    at _runTestsForDescribeBlock (/Users/yusuketsunoda/Documents/cursor/ppttranslatorapp/node_modules/jest-circus/build/run.js:121:9)
    at run (/Users/yusuketsunoda/Documents/cursor/ppttranslatorapp/node_modules/jest-circus/build/run.js:71:3)
    at runAndTransformResultsToJestFormat (/Users/yusuketsunoda/Documents/cursor/ppttranslatorapp/node_modules/jest-circus/build/legacy-code-todo-rewrite/jestAdapterInit.js:122:21)
    at jestAdapter (/Users/yusuketsunoda/Documents/cursor/ppttranslatorapp/node_modules/jest-circus/build/legacy-code-todo-rewrite/jestAdapter.js:79:19)
    at runTestInternal (/Users/yusuketsunoda/Documents/cursor/ppttranslatorapp/node_modules/jest-runner/build/runTest.js:367:16)
    at runTest (/Users/yusuketsunoda/Documents/cursor/ppttranslatorapp/node_modules/jest-runner/build/runTest.js:444:34)
    at Object.worker (/Users/yusuketsunoda/Documents/cursor/ppttranslatorapp/node_modules/jest-runner/build/testWorker.js:106:12)</failure>
    </testcase>
    <testcase classname="PreviewSectionComponent スライドがない場合は適切なメッセージが表示される" name="PreviewSectionComponent スライドがない場合は適切なメッセージが表示される" time="0.021">
    </testcase>
  </testsuite>
</testsuites>