<?xml version="1.0" encoding="UTF-8"?>
<testsuites name="jest tests" tests="9" failures="2" errors="0" time="0.772">
  <testsuite name="TextBoxAdjuster" errors="0" failures="2" skipped="0" timestamp="2025-05-16T21:01:05" time="0.342" tests="9">
    <testcase classname="TextBoxAdjuster › 実際のユースケース" name="日本語から英語への変換時のテキストボックス調整" time="0.002">
      <failure>Error: expect(received).toBeLessThan(expected)

Expected: &lt; 10
Received:   17
    at Object.&lt;anonymous&gt; (/Users/yusuketsunoda/Documents/cursor/ppttranslatorapp/worktrees/fix-text-position-alignment/tests/lib/utils/textbox-adjuster.test.ts:25:35)
    at Promise.then.completed (/Users/yusuketsunoda/Documents/cursor/ppttranslatorapp/worktrees/fix-text-position-alignment/node_modules/jest-circus/build/utils.js:298:28)
    at new Promise (&lt;anonymous&gt;)
    at callAsyncCircusFn (/Users/yusuketsunoda/Documents/cursor/ppttranslatorapp/worktrees/fix-text-position-alignment/node_modules/jest-circus/build/utils.js:231:10)
    at _callCircusTest (/Users/yusuketsunoda/Documents/cursor/ppttranslatorapp/worktrees/fix-text-position-alignment/node_modules/jest-circus/build/run.js:316:40)
    at processTicksAndRejections (node:internal/process/task_queues:105:5)
    at _runTest (/Users/yusuketsunoda/Documents/cursor/ppttranslatorapp/worktrees/fix-text-position-alignment/node_modules/jest-circus/build/run.js:252:3)
    at _runTestsForDescribeBlock (/Users/yusuketsunoda/Documents/cursor/ppttranslatorapp/worktrees/fix-text-position-alignment/node_modules/jest-circus/build/run.js:126:9)
    at _runTestsForDescribeBlock (/Users/yusuketsunoda/Documents/cursor/ppttranslatorapp/worktrees/fix-text-position-alignment/node_modules/jest-circus/build/run.js:121:9)
    at _runTestsForDescribeBlock (/Users/yusuketsunoda/Documents/cursor/ppttranslatorapp/worktrees/fix-text-position-alignment/node_modules/jest-circus/build/run.js:121:9)
    at run (/Users/yusuketsunoda/Documents/cursor/ppttranslatorapp/worktrees/fix-text-position-alignment/node_modules/jest-circus/build/run.js:71:3)
    at runAndTransformResultsToJestFormat (/Users/yusuketsunoda/Documents/cursor/ppttranslatorapp/worktrees/fix-text-position-alignment/node_modules/jest-circus/build/legacy-code-todo-rewrite/jestAdapterInit.js:122:21)
    at jestAdapter (/Users/yusuketsunoda/Documents/cursor/ppttranslatorapp/worktrees/fix-text-position-alignment/node_modules/jest-circus/build/legacy-code-todo-rewrite/jestAdapter.js:79:19)
    at runTestInternal (/Users/yusuketsunoda/Documents/cursor/ppttranslatorapp/worktrees/fix-text-position-alignment/node_modules/jest-runner/build/runTest.js:367:16)
    at runTest (/Users/yusuketsunoda/Documents/cursor/ppttranslatorapp/worktrees/fix-text-position-alignment/node_modules/jest-runner/build/runTest.js:444:34)</failure>
    </testcase>
    <testcase classname="TextBoxAdjuster › 実際のユースケース" name="英語から日本語への変換時のテキストボックス調整" time="0">
    </testcase>
    <testcase classname="TextBoxAdjuster › 実際のユースケース" name="混合テキスト（日英）の適切な処理" time="0.001">
    </testcase>
    <testcase classname="TextBoxAdjuster › エッジケース" name="極端に長いテキスト" time="0.001">
    </testcase>
    <testcase classname="TextBoxAdjuster › エッジケース" name="極端に短いテキスト" time="0">
    </testcase>
    <testcase classname="TextBoxAdjuster › エッジケース" name="特殊文字を含むテキスト" time="0">
    </testcase>
    <testcase classname="TextBoxAdjuster › エッジケース" name="RTL言語のテキスト" time="0.001">
      <failure>Error: expect(received).toBeGreaterThan(expected)

Expected: &gt; 10
Received:   10
    at Object.&lt;anonymous&gt; (/Users/yusuketsunoda/Documents/cursor/ppttranslatorapp/worktrees/fix-text-position-alignment/tests/lib/utils/textbox-adjuster.test.ts:157:36)
    at Promise.then.completed (/Users/yusuketsunoda/Documents/cursor/ppttranslatorapp/worktrees/fix-text-position-alignment/node_modules/jest-circus/build/utils.js:298:28)
    at new Promise (&lt;anonymous&gt;)
    at callAsyncCircusFn (/Users/yusuketsunoda/Documents/cursor/ppttranslatorapp/worktrees/fix-text-position-alignment/node_modules/jest-circus/build/utils.js:231:10)
    at _callCircusTest (/Users/yusuketsunoda/Documents/cursor/ppttranslatorapp/worktrees/fix-text-position-alignment/node_modules/jest-circus/build/run.js:316:40)
    at processTicksAndRejections (node:internal/process/task_queues:105:5)
    at _runTest (/Users/yusuketsunoda/Documents/cursor/ppttranslatorapp/worktrees/fix-text-position-alignment/node_modules/jest-circus/build/run.js:252:3)
    at _runTestsForDescribeBlock (/Users/yusuketsunoda/Documents/cursor/ppttranslatorapp/worktrees/fix-text-position-alignment/node_modules/jest-circus/build/run.js:126:9)
    at _runTestsForDescribeBlock (/Users/yusuketsunoda/Documents/cursor/ppttranslatorapp/worktrees/fix-text-position-alignment/node_modules/jest-circus/build/run.js:121:9)
    at _runTestsForDescribeBlock (/Users/yusuketsunoda/Documents/cursor/ppttranslatorapp/worktrees/fix-text-position-alignment/node_modules/jest-circus/build/run.js:121:9)
    at run (/Users/yusuketsunoda/Documents/cursor/ppttranslatorapp/worktrees/fix-text-position-alignment/node_modules/jest-circus/build/run.js:71:3)
    at runAndTransformResultsToJestFormat (/Users/yusuketsunoda/Documents/cursor/ppttranslatorapp/worktrees/fix-text-position-alignment/node_modules/jest-circus/build/legacy-code-todo-rewrite/jestAdapterInit.js:122:21)
    at jestAdapter (/Users/yusuketsunoda/Documents/cursor/ppttranslatorapp/worktrees/fix-text-position-alignment/node_modules/jest-circus/build/legacy-code-todo-rewrite/jestAdapter.js:79:19)
    at runTestInternal (/Users/yusuketsunoda/Documents/cursor/ppttranslatorapp/worktrees/fix-text-position-alignment/node_modules/jest-runner/build/runTest.js:367:16)
    at runTest (/Users/yusuketsunoda/Documents/cursor/ppttranslatorapp/worktrees/fix-text-position-alignment/node_modules/jest-runner/build/runTest.js:444:34)</failure>
    </testcase>
    <testcase classname="TextBoxAdjuster › パフォーマンス" name="大量のテキストの処理時間" time="0.005">
    </testcase>
    <testcase classname="TextBoxAdjuster › パフォーマンス" name="キャッシュの効果の検証" time="0">
    </testcase>
  </testsuite>
</testsuites>